<?xml version="1.0" encoding="utf-8"?><testsuites name="pytest tests"><testsuite name="pytest" errors="0" failures="0" skipped="0" tests="9" time="0.299" timestamp="2025-10-24T09:27:46.209795+01:00" hostname="Moatez-Tilouche"><testcase classname="tests.test_reseau" name="test_ajout_de_routes_au_reseau" time="0.004" /><testcase classname="tests.test_reseau" name="test_mise_a_jour_de_lensemble_des_routes" time="0.002" /><testcase classname="tests.test_route" name="test_ajout_de_vehicule" time="0.002" /><testcase classname="tests.test_route" name="test_mise_a_jour_avance_vehicules" time="0.002" /><testcase classname="tests.test_simulateur" name="test_initialisation_a_partir_du_fichier_config" time="0.002" /><testcase classname="tests.test_simulateur" name="test_execution_simulation_plusieurs_tours" time="0.031" /><testcase classname="tests.test_vehicule" name="test_avancement_modifie_position" time="0.002" /><testcase classname="tests.test_vehicule" name="test_ne_depasse_pas_longueur_route" time="0.002" /><testcase classname="tests.test_vehicule" name="test_changement_de_route_reset_position" time="0.002" /></testsuite></testsuites>